{"level":"info","message":"Server is running on port 5001","service":"identity-service","timestamp":"2025-05-09T14:21:52.758Z"}
{"level":"info","message":"Connected to MongoDb","service":"identity-service","timestamp":"2025-05-09T14:22:02.369Z"}
{"level":"info","message":"identity service is running on port 3001","service":"identity-service","timestamp":"2025-05-17T14:04:20.056Z"}
{"code":8000,"codeName":"AtlasError","connectionGeneration":0,"errorLabelSet":{},"errorResponse":{"code":8000,"codeName":"AtlasError","errmsg":"bad auth : authentication failed","ok":0},"level":"error","message":"Failed to connect to mongodb bad auth : authentication failed","ok":0,"service":"identity-service","stack":"MongoServerError: bad auth : authentication failed\n    at Connection.sendCommand (/data/data/com.termux/files/home/Advanced-Express/social-media-microservices/identity-service/node_modules/mongodb/src/cmap/connection.ts:551:17)\n    at processTicksAndRejections (node:internal/process/task_queues:105:5)\n    at async Connection.command (/data/data/com.termux/files/home/Advanced-Express/social-media-microservices/identity-service/node_modules/mongodb/src/cmap/connection.ts:625:22)\n    at async continueScramConversation (/data/data/com.termux/files/home/Advanced-Express/social-media-microservices/identity-service/node_modules/mongodb/src/cmap/auth/scram.ts:187:13)\n    at async executeScram (/data/data/com.termux/files/home/Advanced-Express/social-media-microservices/identity-service/node_modules/mongodb/src/cmap/auth/scram.ts:114:3)\n    at async ScramSHA1.auth (/data/data/com.termux/files/home/Advanced-Express/social-media-microservices/identity-service/node_modules/mongodb/src/cmap/auth/scram.ts:60:12)\n    at async performInitialHandshake (/data/data/com.termux/files/home/Advanced-Express/social-media-microservices/identity-service/node_modules/mongodb/src/cmap/connect.ts:164:7)\n    at async connect (/data/data/com.termux/files/home/Advanced-Express/social-media-microservices/identity-service/node_modules/mongodb/src/cmap/connect.ts:43:5)","timestamp":"2025-05-17T14:04:23.674Z"}
{"level":"info","message":"identity service is running on port 3001","service":"identity-service","timestamp":"2025-05-17T15:02:04.085Z"}
{"code":"ENOTFOUND","hostname":"_mongodb._tcp.cluster0.txibm.mongodb.net","level":"error","message":"Failed to connect to mongodb querySrv ENOTFOUND _mongodb._tcp.cluster0.txibm.mongodb.net","service":"identity-service","stack":"Error: querySrv ENOTFOUND _mongodb._tcp.cluster0.txibm.mongodb.net\n    at QueryReqWrap.onresolve [as oncomplete] (node:internal/dns/promises:294:17)","syscall":"querySrv","timestamp":"2025-05-17T15:02:04.498Z"}
{"level":"info","message":"identity service is running on port 3001","service":"identity-service","timestamp":"2025-05-17T15:07:27.507Z"}
{"level":"info","message":"Connected to MongoDb","service":"identity-service","timestamp":"2025-05-17T15:07:30.434Z"}
{"0":"r","1":"e","2":"a","3":"s","4":"o","5":"n","6":":","7":" ","level":"error","message":"unhandled Rejection at:","service":"identity-service","timestamp":"2025-05-17T15:07:39.399Z"}
{"0":"r","1":"e","2":"a","3":"s","4":"o","5":"n","6":":","7":" ","level":"error","message":"unhandled Rejection at:","service":"identity-service","timestamp":"2025-05-17T15:07:39.405Z"}
{"level":"info","message":"identity service is running on port 3001","service":"identity-service","timestamp":"2025-05-17T15:10:24.368Z"}
{"level":"info","message":"Connected to MongoDb","service":"identity-service","timestamp":"2025-05-17T15:10:27.351Z"}
{"0":"r","1":"e","2":"a","3":"s","4":"o","5":"n","6":":","7":" ","level":"error","message":"unhandled Rejection at:","service":"identity-service","timestamp":"2025-05-17T15:10:36.316Z"}
{"level":"info","message":"identity service is running on port 3001","service":"identity-service","timestamp":"2025-05-17T16:43:35.986Z"}
{"level":"info","message":"Connected to MongoDb","service":"identity-service","timestamp":"2025-05-17T16:43:39.458Z"}
{"0":"r","1":"e","2":"a","3":"s","4":"o","5":"n","6":":","level":"error","message":"unhandled Rejection at:","service":"identity-service","timestamp":"2025-05-17T16:43:48.519Z"}
{"level":"info","message":"identity service is running on port 3001","service":"identity-service","timestamp":"2025-05-17T16:45:45.547Z"}
{"level":"info","message":"Connected to MongoDb","service":"identity-service","timestamp":"2025-05-17T16:45:49.423Z"}
{"level":"info","message":"Recieved: POST request to /api/auth/register","service":"identity-service","timestamp":"2025-05-17T17:07:22.298Z"}
{"level":"info","message":"Request Body: undefined","service":"identity-service","timestamp":"2025-05-17T17:07:22.374Z"}
{"level":"info","message":"Recieved: POST request to /api/auth/register","service":"identity-service","timestamp":"2025-05-17T17:08:07.071Z"}
{"level":"info","message":"Request Body: undefined","service":"identity-service","timestamp":"2025-05-17T17:08:07.079Z"}
{"level":"info","message":"User Refgistration Started","service":"identity-service","timestamp":"2025-05-17T17:08:07.141Z"}
{"buffer":{"data":[104,40,194,119,217,205,59,80,99,175,43,252],"type":"Buffer"},"level":"warn","message":"user registration successful:","service":"identity-service","timestamp":"2025-05-17T17:08:07.675Z"}
{"level":"error","message":"Internal Server Error secretOrPrivateKey must have a value","service":"identity-service","stack":"Error: secretOrPrivateKey must have a value\n    at Object.module.exports [as sign] (/data/data/com.termux/files/home/Advanced-Express/social-media-microservices/identity-service/node_modules/jsonwebtoken/sign.js:111:20)\n    at generateTokens (/data/data/com.termux/files/home/Advanced-Express/social-media-microservices/identity-service/src/utils/generateToken.ts:6:27)\n    at registerUser (/data/data/com.termux/files/home/Advanced-Express/social-media-microservices/identity-service/src/controllers/identity.controller.ts:29:63)\n    at processTicksAndRejections (node:internal/process/task_queues:105:5)","timestamp":"2025-05-17T17:08:07.714Z"}
{"level":"info","message":"identity service is running on port 3001","service":"identity-service","timestamp":"2025-05-17T17:11:43.488Z"}
{"level":"info","message":"Connected to MongoDb","service":"identity-service","timestamp":"2025-05-17T17:11:46.425Z"}
{"level":"info","message":"Recieved: POST request to /api/auth/register","service":"identity-service","timestamp":"2025-05-17T17:11:56.768Z"}
{"level":"info","message":"Request Body: undefined","service":"identity-service","timestamp":"2025-05-17T17:11:56.770Z"}
{"level":"info","message":"User Refgistration Started","service":"identity-service","timestamp":"2025-05-17T17:11:57.188Z"}
{"level":"warn","message":"user already registered:","service":"identity-service","timestamp":"2025-05-17T17:11:57.731Z"}
{"level":"info","message":"Recieved: POST request to /api/auth/register","service":"identity-service","timestamp":"2025-05-17T17:12:04.802Z"}
{"level":"info","message":"Request Body: undefined","service":"identity-service","timestamp":"2025-05-17T17:12:04.804Z"}
{"level":"info","message":"User Refgistration Started","service":"identity-service","timestamp":"2025-05-17T17:12:04.849Z"}
{"level":"warn","message":"user already registered:","service":"identity-service","timestamp":"2025-05-17T17:12:05.123Z"}
{"level":"info","message":"Recieved: POST request to /api/auth/register","service":"identity-service","timestamp":"2025-05-17T17:12:21.917Z"}
{"level":"info","message":"Request Body: undefined","service":"identity-service","timestamp":"2025-05-17T17:12:21.918Z"}
{"level":"info","message":"User Refgistration Started","service":"identity-service","timestamp":"2025-05-17T17:12:21.964Z"}
{"buffer":{"data":[104,40,195,118,46,13,193,84,59,101,15,211],"type":"Buffer"},"level":"warn","message":"user registration successful:","service":"identity-service","timestamp":"2025-05-17T17:12:22.267Z"}
